<?xml version="1.0" encoding="UTF-8"?>
<!-- Generated by org.testng.reporters.JUnitReportReporter -->
<testsuite skipped="0" hostname="PULIVARS2" name="MarketingTest.TestMarketing" tests="4" failures="0" timestamp="2020-02-24T11:09:22 IST" time="177.131" errors="0">
  <testcase name="Validate_Markeing_Page" time="34.085" classname="MarketingTest.TestMarketing"/>
  <testcase name="Validate_AMO_Page" time="40.973" classname="MarketingTest.TestMarketing"/>
  <testcase name="Validate_Features_Page" time="42.844" classname="MarketingTest.TestMarketing"/>
  <testcase name="Validate_PRL_Page" time="59.229" classname="MarketingTest.TestMarketing"/>
</testsuite> <!-- MarketingTest.TestMarketing -->
