<?xml version="1.0" encoding="UTF-8"?>
<!-- Generated by org.testng.reporters.JUnitReportReporter -->
<testsuite skipped="0" hostname="PULIVARS1" name="DataProvider.datadriven" tests="3" failures="0" timestamp="2019-11-07T21:23:11 IST" time="48.420" errors="0">
  <testcase name="logincheck" time="21.480" classname="DataProvider.datadriven"/>
  <testcase name="logincheck" time="13.733" classname="DataProvider.datadriven"/>
  <testcase name="logincheck" time="13.207" classname="DataProvider.datadriven"/>
</testsuite> <!-- DataProvider.datadriven -->
